0 verbose cli C:\Program Files\nodejs\node.exe C:\Program Files\nodejs\node_modules\npm\bin\npm-cli.js
1 info using npm@11.6.2
2 info using node@v24.13.0
3 silly config load:file:C:\Program Files\nodejs\node_modules\npm\npmrc
4 silly config load:file:C:\Users\Administrator\rt-online-superapp\mobile-warga\.npmrc
5 silly config load:file:C:\Users\Administrator\.npmrc
6 silly config load:file:C:\Users\Administrator\AppData\Roaming\npm\etc\npmrc
7 verbose title npm exec expo start --clear --port 8082
8 verbose argv "exec" "--" "expo" "start" "--clear" "--port" "8082"
9 verbose logfile logs-max:10 dir:C:\Users\Administrator\rt-online-superapp\mobile-warga\.npm-cache\_logs\2026-02-13T11_36_17_203Z-
10 verbose logfile C:\Users\Administrator\rt-online-superapp\mobile-warga\.npm-cache\_logs\2026-02-13T11_36_17_203Z-debug-0.log
11 silly logfile done cleaning log files
12 http fetch GET 200 https://registry.npmjs.org/npm 177ms
13 verbose cwd C:\Users\Administrator\rt-online-superapp\mobile-warga
14 verbose os Windows_NT 10.0.19045
15 verbose node v24.13.0
16 verbose npm  v11.6.2
17 notice
17 notice New [33mminor[39m version of npm available! [33m11.6.2[39m -> [34m11.10.0[39m
17 notice Changelog: [34mhttps://github.com/npm/cli/releases/tag/v11.10.0[39m
17 notice To update run: [4mnpm install -g npm@11.10.0[24m
17 notice  { force: true, Symbol(proc-log.meta): true }
18 verbose exit 1
19 verbose code 1
